Terminals unused in grammar

    '*'
    '/'


State 12 conflicts: 1 shift/reduce
State 47 conflicts: 1 shift/reduce
State 64 conflicts: 1 shift/reduce
State 65 conflicts: 1 shift/reduce
State 72 conflicts: 3 shift/reduce


Grammar

    0 $accept: s $end

    1 s: lSentencia
    2  | s error ';'

    3 lSentencia: lSentencia sentencia ';'
    4           | sentencia ';'
    5           | lSentencia bloque
    6           | bloque
    7           | lSentencia error ';'

    8 sentencia: imprimir
    9          | bloque
   10          | declaracion_var
   11          | sentencia_if
   12          | sentencia_funcion
   13          | TOKEN_RETURN
   14          | TOKEN_RETURN expr

   15 lista_Expr: lista_Expr ',' expr
   16           | expr

   17 imprimir: TOKEN_PRINT '(' lista_Expr ')'

   18 bloque: '{' lSentencia '}'

   19 declaracion_var: tipoPrimitivo TOKEN_IDENTIFIER
   20                | tipoPrimitivo TOKEN_IDENTIFIER '=' expr

   21 sentencia_if: TOKEN_IF '(' expr ')' bloque
   22             | TOKEN_IF '(' expr ')' bloque TOKEN_ELSE bloque
   23             | TOKEN_IF '(' expr ')' bloque TOKEN_ELSE sentencia_if

   24 lista_parametros: lista_parametros ',' declaracion_var
   25                 | declaracion_var

   26 sentencia_funcion: tipoPrimitivo TOKEN_FUNC TOKEN_IDENTIFIER '(' lista_parametros ')' bloque
   27                  | tipoPrimitivo TOKEN_FUNC TOKEN_IDENTIFIER '(' ')' bloque

   28 expr: expr '+' expr
   29     | expr '-' expr
   30     | '(' expr ')'
   31     | '-' expr
   32     | expr '=' '=' expr
   33     | primitivo
   34     | TOKEN_IDENTIFIER
   35     | TOKEN_IDENTIFIER '(' lista_Expr ')'
   36     | TOKEN_IDENTIFIER '(' ')'

   37 primitivo: TOKEN_UNSIGNED_INTEGER
   38          | TOKEN_STRING
   39          | TOKEN_REAL
   40          | TOKEN_DOUBLE
   41          | TOKEN_CHAR
   42          | TOKEN_TRUE
   43          | TOKEN_FALSE

   44 tipoPrimitivo: TOKEN_DINT
   45              | TOKEN_DFLOAT
   46              | TOKEN_DDOUBLE
   47              | TOKEN_DSTRING
   48              | TOKEN_DBOOLEAN
   49              | TOKEN_DCHAR


Terminals, with rules where they appear

    $end (0) 0
    '(' (40) 17 21 22 23 26 27 30 35 36
    ')' (41) 17 21 22 23 26 27 30 35 36
    '*' (42)
    '+' (43) 28
    ',' (44) 15 24
    '-' (45) 29 31
    '/' (47)
    ';' (59) 2 3 4 7
    '=' (61) 20 32
    '{' (123) 18
    '}' (125) 18
    error (256) 2 7
    TOKEN_PRINT <string> (258) 17
    TOKEN_DINT <string> (259) 44
    TOKEN_DFLOAT <string> (260) 45
    TOKEN_DDOUBLE <string> (261) 46
    TOKEN_IF <string> (262) 21 22 23
    TOKEN_ELSE <string> (263) 22 23
    TOKEN_TRUE <string> (264) 42
    TOKEN_FALSE <string> (265) 43
    TOKEN_FUNC <string> (266) 26 27
    TOKEN_DSTRING <string> (267) 47
    TOKEN_DBOOLEAN <string> (268) 48
    TOKEN_DCHAR <string> (269) 49
    TOKEN_UNSIGNED_INTEGER <string> (270) 37
    TOKEN_REAL <string> (271) 39
    TOKEN_DOUBLE <string> (272) 40
    TOKEN_STRING <string> (273) 38
    TOKEN_CHAR <string> (274) 41
    TOKEN_IDENTIFIER <string> (275) 19 20 26 27 34 35 36
    TOKEN_RETURN <string> (276) 13 14
    NEG (277)


Nonterminals, with rules where they appear

    $accept (34)
        on left: 0
    s <nodo> (35)
        on left: 1 2
        on right: 0 2
    lSentencia <nodo> (36)
        on left: 3 4 5 6 7
        on right: 1 3 5 7 18
    sentencia <nodo> (37)
        on left: 8 9 10 11 12 13 14
        on right: 3 4
    lista_Expr <nodo> (38)
        on left: 15 16
        on right: 15 17 35
    imprimir <nodo> (39)
        on left: 17
        on right: 8
    bloque <nodo> (40)
        on left: 18
        on right: 5 6 9 21 22 23 26 27
    declaracion_var <nodo> (41)
        on left: 19 20
        on right: 10 24 25
    sentencia_if <nodo> (42)
        on left: 21 22 23
        on right: 11 23
    lista_parametros <nodo> (43)
        on left: 24 25
        on right: 24 26
    sentencia_funcion <nodo> (44)
        on left: 26 27
        on right: 12
    expr <nodo> (45)
        on left: 28 29 30 31 32 33 34 35 36
        on right: 14 15 16 20 21 22 23 28 29 30 31 32
    primitivo <nodo> (46)
        on left: 37 38 39 40 41 42 43
        on right: 33
    tipoPrimitivo <tipoDato> (47)
        on left: 44 45 46 47 48 49
        on right: 19 20 26 27


State 0

    0 $accept: • s $end

    TOKEN_PRINT     shift, and go to state 1
    TOKEN_DINT      shift, and go to state 2
    TOKEN_DFLOAT    shift, and go to state 3
    TOKEN_DDOUBLE   shift, and go to state 4
    TOKEN_IF        shift, and go to state 5
    TOKEN_DSTRING   shift, and go to state 6
    TOKEN_DBOOLEAN  shift, and go to state 7
    TOKEN_DCHAR     shift, and go to state 8
    TOKEN_RETURN    shift, and go to state 9
    '{'             shift, and go to state 10

    s                  go to state 11
    lSentencia         go to state 12
    sentencia          go to state 13
    imprimir           go to state 14
    bloque             go to state 15
    declaracion_var    go to state 16
    sentencia_if       go to state 17
    sentencia_funcion  go to state 18
    tipoPrimitivo      go to state 19


State 1

   17 imprimir: TOKEN_PRINT • '(' lista_Expr ')'

    '('  shift, and go to state 20


State 2

   44 tipoPrimitivo: TOKEN_DINT •

    $default  reduce using rule 44 (tipoPrimitivo)


State 3

   45 tipoPrimitivo: TOKEN_DFLOAT •

    $default  reduce using rule 45 (tipoPrimitivo)


State 4

   46 tipoPrimitivo: TOKEN_DDOUBLE •

    $default  reduce using rule 46 (tipoPrimitivo)


State 5

   21 sentencia_if: TOKEN_IF • '(' expr ')' bloque
   22             | TOKEN_IF • '(' expr ')' bloque TOKEN_ELSE bloque
   23             | TOKEN_IF • '(' expr ')' bloque TOKEN_ELSE sentencia_if

    '('  shift, and go to state 21


State 6

   47 tipoPrimitivo: TOKEN_DSTRING •

    $default  reduce using rule 47 (tipoPrimitivo)


State 7

   48 tipoPrimitivo: TOKEN_DBOOLEAN •

    $default  reduce using rule 48 (tipoPrimitivo)


State 8

   49 tipoPrimitivo: TOKEN_DCHAR •

    $default  reduce using rule 49 (tipoPrimitivo)


State 9

   13 sentencia: TOKEN_RETURN •
   14          | TOKEN_RETURN • expr

    TOKEN_TRUE              shift, and go to state 22
    TOKEN_FALSE             shift, and go to state 23
    TOKEN_UNSIGNED_INTEGER  shift, and go to state 24
    TOKEN_REAL              shift, and go to state 25
    TOKEN_DOUBLE            shift, and go to state 26
    TOKEN_STRING            shift, and go to state 27
    TOKEN_CHAR              shift, and go to state 28
    TOKEN_IDENTIFIER        shift, and go to state 29
    '-'                     shift, and go to state 30
    '('                     shift, and go to state 31

    $default  reduce using rule 13 (sentencia)

    expr       go to state 32
    primitivo  go to state 33


State 10

   18 bloque: '{' • lSentencia '}'

    TOKEN_PRINT     shift, and go to state 1
    TOKEN_DINT      shift, and go to state 2
    TOKEN_DFLOAT    shift, and go to state 3
    TOKEN_DDOUBLE   shift, and go to state 4
    TOKEN_IF        shift, and go to state 5
    TOKEN_DSTRING   shift, and go to state 6
    TOKEN_DBOOLEAN  shift, and go to state 7
    TOKEN_DCHAR     shift, and go to state 8
    TOKEN_RETURN    shift, and go to state 9
    '{'             shift, and go to state 10

    lSentencia         go to state 34
    sentencia          go to state 13
    imprimir           go to state 14
    bloque             go to state 15
    declaracion_var    go to state 16
    sentencia_if       go to state 17
    sentencia_funcion  go to state 18
    tipoPrimitivo      go to state 19


State 11

    0 $accept: s • $end
    2 s: s • error ';'

    $end   shift, and go to state 35
    error  shift, and go to state 36


State 12

    1 s: lSentencia •
    3 lSentencia: lSentencia • sentencia ';'
    5           | lSentencia • bloque
    7           | lSentencia • error ';'

    error           shift, and go to state 37
    TOKEN_PRINT     shift, and go to state 1
    TOKEN_DINT      shift, and go to state 2
    TOKEN_DFLOAT    shift, and go to state 3
    TOKEN_DDOUBLE   shift, and go to state 4
    TOKEN_IF        shift, and go to state 5
    TOKEN_DSTRING   shift, and go to state 6
    TOKEN_DBOOLEAN  shift, and go to state 7
    TOKEN_DCHAR     shift, and go to state 8
    TOKEN_RETURN    shift, and go to state 9
    '{'             shift, and go to state 10

    $end   reduce using rule 1 (s)
    error  [reduce using rule 1 (s)]

    sentencia          go to state 38
    imprimir           go to state 14
    bloque             go to state 39
    declaracion_var    go to state 16
    sentencia_if       go to state 17
    sentencia_funcion  go to state 18
    tipoPrimitivo      go to state 19


State 13

    4 lSentencia: sentencia • ';'

    ';'  shift, and go to state 40


State 14

    8 sentencia: imprimir •

    $default  reduce using rule 8 (sentencia)


State 15

    6 lSentencia: bloque •
    9 sentencia: bloque •

    ';'       reduce using rule 9 (sentencia)
    $default  reduce using rule 6 (lSentencia)


State 16

   10 sentencia: declaracion_var •

    $default  reduce using rule 10 (sentencia)


State 17

   11 sentencia: sentencia_if •

    $default  reduce using rule 11 (sentencia)


State 18

   12 sentencia: sentencia_funcion •

    $default  reduce using rule 12 (sentencia)


State 19

   19 declaracion_var: tipoPrimitivo • TOKEN_IDENTIFIER
   20                | tipoPrimitivo • TOKEN_IDENTIFIER '=' expr
   26 sentencia_funcion: tipoPrimitivo • TOKEN_FUNC TOKEN_IDENTIFIER '(' lista_parametros ')' bloque
   27                  | tipoPrimitivo • TOKEN_FUNC TOKEN_IDENTIFIER '(' ')' bloque

    TOKEN_FUNC        shift, and go to state 41
    TOKEN_IDENTIFIER  shift, and go to state 42


State 20

   17 imprimir: TOKEN_PRINT '(' • lista_Expr ')'

    TOKEN_TRUE              shift, and go to state 22
    TOKEN_FALSE             shift, and go to state 23
    TOKEN_UNSIGNED_INTEGER  shift, and go to state 24
    TOKEN_REAL              shift, and go to state 25
    TOKEN_DOUBLE            shift, and go to state 26
    TOKEN_STRING            shift, and go to state 27
    TOKEN_CHAR              shift, and go to state 28
    TOKEN_IDENTIFIER        shift, and go to state 29
    '-'                     shift, and go to state 30
    '('                     shift, and go to state 31

    lista_Expr  go to state 43
    expr        go to state 44
    primitivo   go to state 33


State 21

   21 sentencia_if: TOKEN_IF '(' • expr ')' bloque
   22             | TOKEN_IF '(' • expr ')' bloque TOKEN_ELSE bloque
   23             | TOKEN_IF '(' • expr ')' bloque TOKEN_ELSE sentencia_if

    TOKEN_TRUE              shift, and go to state 22
    TOKEN_FALSE             shift, and go to state 23
    TOKEN_UNSIGNED_INTEGER  shift, and go to state 24
    TOKEN_REAL              shift, and go to state 25
    TOKEN_DOUBLE            shift, and go to state 26
    TOKEN_STRING            shift, and go to state 27
    TOKEN_CHAR              shift, and go to state 28
    TOKEN_IDENTIFIER        shift, and go to state 29
    '-'                     shift, and go to state 30
    '('                     shift, and go to state 31

    expr       go to state 45
    primitivo  go to state 33


State 22

   42 primitivo: TOKEN_TRUE •

    $default  reduce using rule 42 (primitivo)


State 23

   43 primitivo: TOKEN_FALSE •

    $default  reduce using rule 43 (primitivo)


State 24

   37 primitivo: TOKEN_UNSIGNED_INTEGER •

    $default  reduce using rule 37 (primitivo)


State 25

   39 primitivo: TOKEN_REAL •

    $default  reduce using rule 39 (primitivo)


State 26

   40 primitivo: TOKEN_DOUBLE •

    $default  reduce using rule 40 (primitivo)


State 27

   38 primitivo: TOKEN_STRING •

    $default  reduce using rule 38 (primitivo)


State 28

   41 primitivo: TOKEN_CHAR •

    $default  reduce using rule 41 (primitivo)


State 29

   34 expr: TOKEN_IDENTIFIER •
   35     | TOKEN_IDENTIFIER • '(' lista_Expr ')'
   36     | TOKEN_IDENTIFIER • '(' ')'

    '('  shift, and go to state 46

    $default  reduce using rule 34 (expr)


State 30

   31 expr: '-' • expr

    TOKEN_TRUE              shift, and go to state 22
    TOKEN_FALSE             shift, and go to state 23
    TOKEN_UNSIGNED_INTEGER  shift, and go to state 24
    TOKEN_REAL              shift, and go to state 25
    TOKEN_DOUBLE            shift, and go to state 26
    TOKEN_STRING            shift, and go to state 27
    TOKEN_CHAR              shift, and go to state 28
    TOKEN_IDENTIFIER        shift, and go to state 29
    '-'                     shift, and go to state 30
    '('                     shift, and go to state 31

    expr       go to state 47
    primitivo  go to state 33


State 31

   30 expr: '(' • expr ')'

    TOKEN_TRUE              shift, and go to state 22
    TOKEN_FALSE             shift, and go to state 23
    TOKEN_UNSIGNED_INTEGER  shift, and go to state 24
    TOKEN_REAL              shift, and go to state 25
    TOKEN_DOUBLE            shift, and go to state 26
    TOKEN_STRING            shift, and go to state 27
    TOKEN_CHAR              shift, and go to state 28
    TOKEN_IDENTIFIER        shift, and go to state 29
    '-'                     shift, and go to state 30
    '('                     shift, and go to state 31

    expr       go to state 48
    primitivo  go to state 33


State 32

   14 sentencia: TOKEN_RETURN expr •
   28 expr: expr • '+' expr
   29     | expr • '-' expr
   32     | expr • '=' '=' expr

    '+'  shift, and go to state 49
    '-'  shift, and go to state 50
    '='  shift, and go to state 51

    $default  reduce using rule 14 (sentencia)


State 33

   33 expr: primitivo •

    $default  reduce using rule 33 (expr)


State 34

    3 lSentencia: lSentencia • sentencia ';'
    5           | lSentencia • bloque
    7           | lSentencia • error ';'
   18 bloque: '{' lSentencia • '}'

    error           shift, and go to state 37
    TOKEN_PRINT     shift, and go to state 1
    TOKEN_DINT      shift, and go to state 2
    TOKEN_DFLOAT    shift, and go to state 3
    TOKEN_DDOUBLE   shift, and go to state 4
    TOKEN_IF        shift, and go to state 5
    TOKEN_DSTRING   shift, and go to state 6
    TOKEN_DBOOLEAN  shift, and go to state 7
    TOKEN_DCHAR     shift, and go to state 8
    TOKEN_RETURN    shift, and go to state 9
    '{'             shift, and go to state 10
    '}'             shift, and go to state 52

    sentencia          go to state 38
    imprimir           go to state 14
    bloque             go to state 39
    declaracion_var    go to state 16
    sentencia_if       go to state 17
    sentencia_funcion  go to state 18
    tipoPrimitivo      go to state 19


State 35

    0 $accept: s $end •

    $default  accept


State 36

    2 s: s error • ';'

    ';'  shift, and go to state 53


State 37

    7 lSentencia: lSentencia error • ';'

    ';'  shift, and go to state 54


State 38

    3 lSentencia: lSentencia sentencia • ';'

    ';'  shift, and go to state 55


State 39

    5 lSentencia: lSentencia bloque •
    9 sentencia: bloque •

    ';'       reduce using rule 9 (sentencia)
    $default  reduce using rule 5 (lSentencia)


State 40

    4 lSentencia: sentencia ';' •

    $default  reduce using rule 4 (lSentencia)


State 41

   26 sentencia_funcion: tipoPrimitivo TOKEN_FUNC • TOKEN_IDENTIFIER '(' lista_parametros ')' bloque
   27                  | tipoPrimitivo TOKEN_FUNC • TOKEN_IDENTIFIER '(' ')' bloque

    TOKEN_IDENTIFIER  shift, and go to state 56


State 42

   19 declaracion_var: tipoPrimitivo TOKEN_IDENTIFIER •
   20                | tipoPrimitivo TOKEN_IDENTIFIER • '=' expr

    '='  shift, and go to state 57

    $default  reduce using rule 19 (declaracion_var)


State 43

   15 lista_Expr: lista_Expr • ',' expr
   17 imprimir: TOKEN_PRINT '(' lista_Expr • ')'

    ','  shift, and go to state 58
    ')'  shift, and go to state 59


State 44

   16 lista_Expr: expr •
   28 expr: expr • '+' expr
   29     | expr • '-' expr
   32     | expr • '=' '=' expr

    '+'  shift, and go to state 49
    '-'  shift, and go to state 50
    '='  shift, and go to state 51

    $default  reduce using rule 16 (lista_Expr)


State 45

   21 sentencia_if: TOKEN_IF '(' expr • ')' bloque
   22             | TOKEN_IF '(' expr • ')' bloque TOKEN_ELSE bloque
   23             | TOKEN_IF '(' expr • ')' bloque TOKEN_ELSE sentencia_if
   28 expr: expr • '+' expr
   29     | expr • '-' expr
   32     | expr • '=' '=' expr

    '+'  shift, and go to state 49
    '-'  shift, and go to state 50
    ')'  shift, and go to state 60
    '='  shift, and go to state 51


State 46

   35 expr: TOKEN_IDENTIFIER '(' • lista_Expr ')'
   36     | TOKEN_IDENTIFIER '(' • ')'

    TOKEN_TRUE              shift, and go to state 22
    TOKEN_FALSE             shift, and go to state 23
    TOKEN_UNSIGNED_INTEGER  shift, and go to state 24
    TOKEN_REAL              shift, and go to state 25
    TOKEN_DOUBLE            shift, and go to state 26
    TOKEN_STRING            shift, and go to state 27
    TOKEN_CHAR              shift, and go to state 28
    TOKEN_IDENTIFIER        shift, and go to state 29
    '-'                     shift, and go to state 30
    '('                     shift, and go to state 31
    ')'                     shift, and go to state 61

    lista_Expr  go to state 62
    expr        go to state 44
    primitivo   go to state 33


State 47

   28 expr: expr • '+' expr
   29     | expr • '-' expr
   31     | '-' expr •
   32     | expr • '=' '=' expr

    '='  shift, and go to state 51

    '='       [reduce using rule 31 (expr)]
    $default  reduce using rule 31 (expr)


State 48

   28 expr: expr • '+' expr
   29     | expr • '-' expr
   30     | '(' expr • ')'
   32     | expr • '=' '=' expr

    '+'  shift, and go to state 49
    '-'  shift, and go to state 50
    ')'  shift, and go to state 63
    '='  shift, and go to state 51


State 49

   28 expr: expr '+' • expr

    TOKEN_TRUE              shift, and go to state 22
    TOKEN_FALSE             shift, and go to state 23
    TOKEN_UNSIGNED_INTEGER  shift, and go to state 24
    TOKEN_REAL              shift, and go to state 25
    TOKEN_DOUBLE            shift, and go to state 26
    TOKEN_STRING            shift, and go to state 27
    TOKEN_CHAR              shift, and go to state 28
    TOKEN_IDENTIFIER        shift, and go to state 29
    '-'                     shift, and go to state 30
    '('                     shift, and go to state 31

    expr       go to state 64
    primitivo  go to state 33


State 50

   29 expr: expr '-' • expr

    TOKEN_TRUE              shift, and go to state 22
    TOKEN_FALSE             shift, and go to state 23
    TOKEN_UNSIGNED_INTEGER  shift, and go to state 24
    TOKEN_REAL              shift, and go to state 25
    TOKEN_DOUBLE            shift, and go to state 26
    TOKEN_STRING            shift, and go to state 27
    TOKEN_CHAR              shift, and go to state 28
    TOKEN_IDENTIFIER        shift, and go to state 29
    '-'                     shift, and go to state 30
    '('                     shift, and go to state 31

    expr       go to state 65
    primitivo  go to state 33


State 51

   32 expr: expr '=' • '=' expr

    '='  shift, and go to state 66


State 52

   18 bloque: '{' lSentencia '}' •

    $default  reduce using rule 18 (bloque)


State 53

    2 s: s error ';' •

    $default  reduce using rule 2 (s)


State 54

    7 lSentencia: lSentencia error ';' •

    $default  reduce using rule 7 (lSentencia)


State 55

    3 lSentencia: lSentencia sentencia ';' •

    $default  reduce using rule 3 (lSentencia)


State 56

   26 sentencia_funcion: tipoPrimitivo TOKEN_FUNC TOKEN_IDENTIFIER • '(' lista_parametros ')' bloque
   27                  | tipoPrimitivo TOKEN_FUNC TOKEN_IDENTIFIER • '(' ')' bloque

    '('  shift, and go to state 67


State 57

   20 declaracion_var: tipoPrimitivo TOKEN_IDENTIFIER '=' • expr

    TOKEN_TRUE              shift, and go to state 22
    TOKEN_FALSE             shift, and go to state 23
    TOKEN_UNSIGNED_INTEGER  shift, and go to state 24
    TOKEN_REAL              shift, and go to state 25
    TOKEN_DOUBLE            shift, and go to state 26
    TOKEN_STRING            shift, and go to state 27
    TOKEN_CHAR              shift, and go to state 28
    TOKEN_IDENTIFIER        shift, and go to state 29
    '-'                     shift, and go to state 30
    '('                     shift, and go to state 31

    expr       go to state 68
    primitivo  go to state 33


State 58

   15 lista_Expr: lista_Expr ',' • expr

    TOKEN_TRUE              shift, and go to state 22
    TOKEN_FALSE             shift, and go to state 23
    TOKEN_UNSIGNED_INTEGER  shift, and go to state 24
    TOKEN_REAL              shift, and go to state 25
    TOKEN_DOUBLE            shift, and go to state 26
    TOKEN_STRING            shift, and go to state 27
    TOKEN_CHAR              shift, and go to state 28
    TOKEN_IDENTIFIER        shift, and go to state 29
    '-'                     shift, and go to state 30
    '('                     shift, and go to state 31

    expr       go to state 69
    primitivo  go to state 33


State 59

   17 imprimir: TOKEN_PRINT '(' lista_Expr ')' •

    $default  reduce using rule 17 (imprimir)


State 60

   21 sentencia_if: TOKEN_IF '(' expr ')' • bloque
   22             | TOKEN_IF '(' expr ')' • bloque TOKEN_ELSE bloque
   23             | TOKEN_IF '(' expr ')' • bloque TOKEN_ELSE sentencia_if

    '{'  shift, and go to state 10

    bloque  go to state 70


State 61

   36 expr: TOKEN_IDENTIFIER '(' ')' •

    $default  reduce using rule 36 (expr)


State 62

   15 lista_Expr: lista_Expr • ',' expr
   35 expr: TOKEN_IDENTIFIER '(' lista_Expr • ')'

    ','  shift, and go to state 58
    ')'  shift, and go to state 71


State 63

   30 expr: '(' expr ')' •

    $default  reduce using rule 30 (expr)


State 64

   28 expr: expr • '+' expr
   28     | expr '+' expr •
   29     | expr • '-' expr
   32     | expr • '=' '=' expr

    '='  shift, and go to state 51

    '='       [reduce using rule 28 (expr)]
    $default  reduce using rule 28 (expr)


State 65

   28 expr: expr • '+' expr
   29     | expr • '-' expr
   29     | expr '-' expr •
   32     | expr • '=' '=' expr

    '='  shift, and go to state 51

    '='       [reduce using rule 29 (expr)]
    $default  reduce using rule 29 (expr)


State 66

   32 expr: expr '=' '=' • expr

    TOKEN_TRUE              shift, and go to state 22
    TOKEN_FALSE             shift, and go to state 23
    TOKEN_UNSIGNED_INTEGER  shift, and go to state 24
    TOKEN_REAL              shift, and go to state 25
    TOKEN_DOUBLE            shift, and go to state 26
    TOKEN_STRING            shift, and go to state 27
    TOKEN_CHAR              shift, and go to state 28
    TOKEN_IDENTIFIER        shift, and go to state 29
    '-'                     shift, and go to state 30
    '('                     shift, and go to state 31

    expr       go to state 72
    primitivo  go to state 33


State 67

   26 sentencia_funcion: tipoPrimitivo TOKEN_FUNC TOKEN_IDENTIFIER '(' • lista_parametros ')' bloque
   27                  | tipoPrimitivo TOKEN_FUNC TOKEN_IDENTIFIER '(' • ')' bloque

    TOKEN_DINT      shift, and go to state 2
    TOKEN_DFLOAT    shift, and go to state 3
    TOKEN_DDOUBLE   shift, and go to state 4
    TOKEN_DSTRING   shift, and go to state 6
    TOKEN_DBOOLEAN  shift, and go to state 7
    TOKEN_DCHAR     shift, and go to state 8
    ')'             shift, and go to state 73

    declaracion_var   go to state 74
    lista_parametros  go to state 75
    tipoPrimitivo     go to state 76


State 68

   20 declaracion_var: tipoPrimitivo TOKEN_IDENTIFIER '=' expr •
   28 expr: expr • '+' expr
   29     | expr • '-' expr
   32     | expr • '=' '=' expr

    '+'  shift, and go to state 49
    '-'  shift, and go to state 50
    '='  shift, and go to state 51

    $default  reduce using rule 20 (declaracion_var)


State 69

   15 lista_Expr: lista_Expr ',' expr •
   28 expr: expr • '+' expr
   29     | expr • '-' expr
   32     | expr • '=' '=' expr

    '+'  shift, and go to state 49
    '-'  shift, and go to state 50
    '='  shift, and go to state 51

    $default  reduce using rule 15 (lista_Expr)


State 70

   21 sentencia_if: TOKEN_IF '(' expr ')' bloque •
   22             | TOKEN_IF '(' expr ')' bloque • TOKEN_ELSE bloque
   23             | TOKEN_IF '(' expr ')' bloque • TOKEN_ELSE sentencia_if

    TOKEN_ELSE  shift, and go to state 77

    $default  reduce using rule 21 (sentencia_if)


State 71

   35 expr: TOKEN_IDENTIFIER '(' lista_Expr ')' •

    $default  reduce using rule 35 (expr)


State 72

   28 expr: expr • '+' expr
   29     | expr • '-' expr
   32     | expr • '=' '=' expr
   32     | expr '=' '=' expr •

    '+'  shift, and go to state 49
    '-'  shift, and go to state 50
    '='  shift, and go to state 51

    '+'       [reduce using rule 32 (expr)]
    '-'       [reduce using rule 32 (expr)]
    '='       [reduce using rule 32 (expr)]
    $default  reduce using rule 32 (expr)


State 73

   27 sentencia_funcion: tipoPrimitivo TOKEN_FUNC TOKEN_IDENTIFIER '(' ')' • bloque

    '{'  shift, and go to state 10

    bloque  go to state 78


State 74

   25 lista_parametros: declaracion_var •

    $default  reduce using rule 25 (lista_parametros)


State 75

   24 lista_parametros: lista_parametros • ',' declaracion_var
   26 sentencia_funcion: tipoPrimitivo TOKEN_FUNC TOKEN_IDENTIFIER '(' lista_parametros • ')' bloque

    ','  shift, and go to state 79
    ')'  shift, and go to state 80


State 76

   19 declaracion_var: tipoPrimitivo • TOKEN_IDENTIFIER
   20                | tipoPrimitivo • TOKEN_IDENTIFIER '=' expr

    TOKEN_IDENTIFIER  shift, and go to state 42


State 77

   22 sentencia_if: TOKEN_IF '(' expr ')' bloque TOKEN_ELSE • bloque
   23             | TOKEN_IF '(' expr ')' bloque TOKEN_ELSE • sentencia_if

    TOKEN_IF  shift, and go to state 5
    '{'       shift, and go to state 10

    bloque        go to state 81
    sentencia_if  go to state 82


State 78

   27 sentencia_funcion: tipoPrimitivo TOKEN_FUNC TOKEN_IDENTIFIER '(' ')' bloque •

    $default  reduce using rule 27 (sentencia_funcion)


State 79

   24 lista_parametros: lista_parametros ',' • declaracion_var

    TOKEN_DINT      shift, and go to state 2
    TOKEN_DFLOAT    shift, and go to state 3
    TOKEN_DDOUBLE   shift, and go to state 4
    TOKEN_DSTRING   shift, and go to state 6
    TOKEN_DBOOLEAN  shift, and go to state 7
    TOKEN_DCHAR     shift, and go to state 8

    declaracion_var  go to state 83
    tipoPrimitivo    go to state 76


State 80

   26 sentencia_funcion: tipoPrimitivo TOKEN_FUNC TOKEN_IDENTIFIER '(' lista_parametros ')' • bloque

    '{'  shift, and go to state 10

    bloque  go to state 84


State 81

   22 sentencia_if: TOKEN_IF '(' expr ')' bloque TOKEN_ELSE bloque •

    $default  reduce using rule 22 (sentencia_if)


State 82

   23 sentencia_if: TOKEN_IF '(' expr ')' bloque TOKEN_ELSE sentencia_if •

    $default  reduce using rule 23 (sentencia_if)


State 83

   24 lista_parametros: lista_parametros ',' declaracion_var •

    $default  reduce using rule 24 (lista_parametros)


State 84

   26 sentencia_funcion: tipoPrimitivo TOKEN_FUNC TOKEN_IDENTIFIER '(' lista_parametros ')' bloque •

    $default  reduce using rule 26 (sentencia_funcion)
